<?xml version="1.0" encoding="UTF-8"?>
<testsuite name="controllers.AutobusInterurbansTest" tests="3" skipped="0" failures="0" errors="0" timestamp="2025-06-01T15:18:03" hostname="LATORRE7" time="0.031">
  <properties/>
  <testcase name="testCrearAutobusInterurbans()" classname="controllers.AutobusInterurbansTest" time="0.026"/>
  <testcase name="testModificarAutobusInterurbans()" classname="controllers.AutobusInterurbansTest" time="0.001"/>
  <testcase name="testCalcularPreu()" classname="controllers.AutobusInterurbansTest" time="0.002"/>
  <system-out><![CDATA[]]></system-out>
  <system-err><![CDATA[]]></system-err>
</testsuite>
